2021-12-17 17:33:20.343  INFO 9016 --- [main] o.s.boot.SpringApplication               : Starting application on PC-Tobi with PID 9016 (started by tobi in D:\repos\spotify-plugin)
2021-12-17 17:33:20.347  INFO 9016 --- [main] o.s.boot.SpringApplication               : No active profile set, falling back to default profiles: default
2021-12-17 17:33:20.405  WARN 9016 --- [background-preinit] o.s.h.c.j.Jackson2ObjectMapperBuilder    : For Jackson Kotlin classes support please add "com.fasterxml.jackson.module:jackson-module-kotlin" to the classpath
2021-12-17 17:33:21.354  INFO 9016 --- [main] lavalink.server.bootstrap.PluginManager  : Found plugin 'spotify-plugin' version 1.0
2021-12-17 17:33:21.708  INFO 9016 --- [main] o.s.boot.SpringApplication               : Started application in 1.924 seconds (JVM running for 2.708)
2021-12-17 17:33:21.712  INFO 9016 --- [main] lavalink.server.Launcher                 : You can safely ignore the big red warning about illegal reflection. See https://github.com/freyacodes/Lavalink/issues/295
2021-12-17 17:33:21.786  INFO 9016 --- [main] lavalink.server.Launcher                 : 

[32m       .  [31m _                  _ _       _    [32m__ _ _
[32m      /\\ [31m| | __ ___   ____ _| (_)_ __ | | __[32m\ \ \ \
[32m     ( ( )[31m| |/ _` \ \ / / _` | | | '_ \| |/ /[32m \ \ \ \
[32m      \\/ [31m| | (_| |\ V / (_| | | | | | |   < [32m  ) ) ) )
[32m       '  [31m|_|\__,_| \_/ \__,_|_|_|_| |_|_|\_\[32m / / / /
[0m    =========================================[32m/_/_/_/[0m

	Version:        f748ef0ad46bf4429ee8ef7aa3e5ca96a7427788-SNAPSHOT
	Build:          Unofficial
	Build time:     17.12.2021 16:17:24 UTC
	Branch          HEAD
	Commit:         f748ef0
	Commit time:    17.12.2021 16:13:26 UTC
	JVM:            15.0.1
	Lavaplayer      1.3.96-original

2021-12-17 17:33:21.796  INFO 9016 --- [main] o.s.boot.SpringApplication               : No active profile set, falling back to default profiles: default
2021-12-17 17:33:22.656  WARN 9016 --- [main] io.undertow.websockets.jsr               : UT026010: Buffer pool was not set on WebSocketDeploymentInfo, the default pool will be used
2021-12-17 17:33:22.686  INFO 9016 --- [main] io.undertow.servlet                      : Initializing Spring embedded WebApplicationContext
2021-12-17 17:33:22.686  INFO 9016 --- [main] o.s.web.context.ContextLoader            : Root WebApplicationContext: initialization completed in 886 ms
2021-12-17 17:33:22.778  INFO 9016 --- [main] wtf.topi.plugin.spotify.SpotifyPlugin    : Loading SpotifyPlugin...
2021-12-17 17:33:23.475 ERROR 9016 --- [main] wtf.topi.plugin.spotify.SpotifyPlugin    : Updating the access token failed

se.michaelthelin.spotify.exceptions.detailed.BadRequestException: Invalid client
	at se.michaelthelin.spotify.SpotifyHttpManager.getResponseBody(SpotifyHttpManager.java:320) ~[spotify-web-api-java-7.0.0.jar:na]
	at se.michaelthelin.spotify.SpotifyHttpManager.post(SpotifyHttpManager.java:183) ~[spotify-web-api-java-7.0.0.jar:na]
	at se.michaelthelin.spotify.requests.AbstractRequest.postJson(AbstractRequest.java:121) ~[spotify-web-api-java-7.0.0.jar:na]
	at se.michaelthelin.spotify.requests.authorization.client_credentials.ClientCredentialsRequest.execute(ClientCredentialsRequest.java:36) ~[spotify-web-api-java-7.0.0.jar:na]
	at wtf.topi.plugin.spotify.SpotifyPlugin.refreshAccessToken(SpotifyPlugin.java:31) ~[main/:na]
	at wtf.topi.plugin.spotify.SpotifyPlugin.<init>(SpotifyPlugin.java:26) ~[main/:na]
	at java.base/jdk.internal.reflect.NativeConstructorAccessorImpl.newInstance0(Native Method) ~[na:na]
	at java.base/jdk.internal.reflect.NativeConstructorAccessorImpl.newInstance(NativeConstructorAccessorImpl.java:64) ~[na:na]
	at java.base/jdk.internal.reflect.DelegatingConstructorAccessorImpl.newInstance(DelegatingConstructorAccessorImpl.java:45) ~[na:na]
	at java.base/java.lang.reflect.Constructor.newInstanceWithCaller(Constructor.java:500) ~[na:na]
	at java.base/java.lang.reflect.Constructor.newInstance(Constructor.java:481) ~[na:na]
	at org.springframework.beans.BeanUtils.instantiateClass(BeanUtils.java:172) ~[spring-beans-5.1.9.RELEASE.jar:5.1.9.RELEASE]
	at org.springframework.beans.factory.support.SimpleInstantiationStrategy.instantiate(SimpleInstantiationStrategy.java:117) ~[spring-beans-5.1.9.RELEASE.jar:5.1.9.RELEASE]
	at org.springframework.beans.factory.support.ConstructorResolver.instantiate(ConstructorResolver.java:300) ~[spring-beans-5.1.9.RELEASE.jar:5.1.9.RELEASE]
	at org.springframework.beans.factory.support.ConstructorResolver.autowireConstructor(ConstructorResolver.java:285) ~[spring-beans-5.1.9.RELEASE.jar:5.1.9.RELEASE]
	at org.springframework.beans.factory.support.AbstractAutowireCapableBeanFactory.autowireConstructor(AbstractAutowireCapableBeanFactory.java:1341) ~[spring-beans-5.1.9.RELEASE.jar:5.1.9.RELEASE]
	at org.springframework.beans.factory.support.AbstractAutowireCapableBeanFactory.createBeanInstance(AbstractAutowireCapableBeanFactory.java:1187) ~[spring-beans-5.1.9.RELEASE.jar:5.1.9.RELEASE]
	at org.springframework.beans.factory.support.AbstractAutowireCapableBeanFactory.doCreateBean(AbstractAutowireCapableBeanFactory.java:555) ~[spring-beans-5.1.9.RELEASE.jar:5.1.9.RELEASE]
	at org.springframework.beans.factory.support.AbstractAutowireCapableBeanFactory.createBean(AbstractAutowireCapableBeanFactory.java:515) ~[spring-beans-5.1.9.RELEASE.jar:5.1.9.RELEASE]
	at org.springframework.beans.factory.support.AbstractBeanFactory.lambda$doGetBean$0(AbstractBeanFactory.java:320) ~[spring-beans-5.1.9.RELEASE.jar:5.1.9.RELEASE]
	at org.springframework.beans.factory.support.DefaultSingletonBeanRegistry.getSingleton(DefaultSingletonBeanRegistry.java:222) ~[spring-beans-5.1.9.RELEASE.jar:5.1.9.RELEASE]
	at org.springframework.beans.factory.support.AbstractBeanFactory.doGetBean(AbstractBeanFactory.java:318) ~[spring-beans-5.1.9.RELEASE.jar:5.1.9.RELEASE]
	at org.springframework.beans.factory.support.AbstractBeanFactory.getBean(AbstractBeanFactory.java:199) ~[spring-beans-5.1.9.RELEASE.jar:5.1.9.RELEASE]
	at org.springframework.beans.factory.support.DefaultListableBeanFactory.preInstantiateSingletons(DefaultListableBeanFactory.java:845) ~[spring-beans-5.1.9.RELEASE.jar:5.1.9.RELEASE]
	at org.springframework.context.support.AbstractApplicationContext.finishBeanFactoryInitialization(AbstractApplicationContext.java:877) ~[spring-context-5.1.9.RELEASE.jar:5.1.9.RELEASE]
	at org.springframework.context.support.AbstractApplicationContext.refresh(AbstractApplicationContext.java:549) ~[spring-context-5.1.9.RELEASE.jar:5.1.9.RELEASE]
	at org.springframework.boot.web.servlet.context.ServletWebServerApplicationContext.refresh(ServletWebServerApplicationContext.java:141) ~[spring-boot-2.1.8.RELEASE.jar:2.1.8.RELEASE]
	at org.springframework.boot.SpringApplication.refresh(SpringApplication.java:744) ~[spring-boot-2.1.8.RELEASE.jar:2.1.8.RELEASE]
	at org.springframework.boot.SpringApplication.refreshContext(SpringApplication.java:391) ~[spring-boot-2.1.8.RELEASE.jar:2.1.8.RELEASE]
	at org.springframework.boot.SpringApplication.run(SpringApplication.java:312) ~[spring-boot-2.1.8.RELEASE.jar:2.1.8.RELEASE]
	at org.springframework.boot.builder.SpringApplicationBuilder.run(SpringApplicationBuilder.java:140) ~[spring-boot-2.1.8.RELEASE.jar:2.1.8.RELEASE]
	at lavalink.server.Launcher.launchMain(Launcher.kt:162) ~[classes!/:na]
	at lavalink.server.Launcher.main(Launcher.kt:129) ~[classes!/:na]
	at java.base/jdk.internal.reflect.NativeMethodAccessorImpl.invoke0(Native Method) ~[na:na]
	at java.base/jdk.internal.reflect.NativeMethodAccessorImpl.invoke(NativeMethodAccessorImpl.java:64) ~[na:na]
	at java.base/jdk.internal.reflect.DelegatingMethodAccessorImpl.invoke(DelegatingMethodAccessorImpl.java:43) ~[na:na]
	at java.base/java.lang.reflect.Method.invoke(Method.java:564) ~[na:na]
	at org.springframework.boot.loader.MainMethodRunner.run(MainMethodRunner.java:48) ~[Lavalink-Server-f748ef0.jar:na]
	at org.springframework.boot.loader.Launcher.launch(Launcher.java:87) ~[Lavalink-Server-f748ef0.jar:na]
	at org.springframework.boot.loader.Launcher.launch(Launcher.java:51) ~[Lavalink-Server-f748ef0.jar:na]
	at org.springframework.boot.loader.JarLauncher.main(JarLauncher.java:52) ~[Lavalink-Server-f748ef0.jar:na]

2021-12-17 17:33:23.659  INFO 9016 --- [main] c.s.d.l.tools.GarbageCollectionMonitor   : GC monitoring enabled, reporting results every 2 minutes.
2021-12-17 17:33:23.683  INFO 9016 --- [main] wtf.topi.plugin.spotify.SpotifyPlugin    : Loading SpotifyPlugin...
2021-12-17 17:33:23.693  WARN 9016 --- [main] l.server.config.SentryConfiguration      : Turning off sentry
2021-12-17 17:33:23.878  INFO 9016 --- [main] lavalink.server.config.KoeConfiguration  : OS: Windows 10, Arch: amd64
2021-12-17 17:33:23.878  WARN 9016 --- [main] lavalink.server.config.KoeConfiguration  : This system and architecture appears to not support native audio sending! GC pauses may cause your bot to stutter during playback.
2021-12-17 17:33:24.085  INFO 9016 --- [main] o.s.s.concurrent.ThreadPoolTaskExecutor  : Initializing ExecutorService 'applicationTaskExecutor'
2021-12-17 17:33:24.321  INFO 9016 --- [main] org.xnio                                 : XNIO version 3.3.8.Final
2021-12-17 17:33:24.332  INFO 9016 --- [main] org.xnio.nio                             : XNIO NIO Implementation Version 3.3.8.Final
2021-12-17 17:33:24.395  INFO 9016 --- [main] o.s.b.w.e.u.UndertowServletWebServer     : Undertow started on port(s) 2333 (http) with context path ''
2021-12-17 17:33:24.397  INFO 9016 --- [main] o.s.boot.SpringApplication               : Started application in 2.678 seconds (JVM running for 5.397)
2021-12-17 17:33:31.590  INFO 9016 --- [XNIO-1 task-1] io.undertow.servlet                      : Initializing Spring DispatcherServlet 'dispatcherServlet'
2021-12-17 17:33:31.590  INFO 9016 --- [XNIO-1 task-1] o.s.web.servlet.DispatcherServlet        : Initializing Servlet 'dispatcherServlet'
2021-12-17 17:33:31.596  INFO 9016 --- [XNIO-1 task-1] o.s.web.servlet.DispatcherServlet        : Completed initialization in 6 ms
2021-12-17 17:33:31.613  INFO 9016 --- [XNIO-1 task-1] l.server.io.HandshakeInterceptorImpl     : Incoming connection from /127.0.0.1:60114
2021-12-17 17:33:31.671  INFO 9016 --- [XNIO-1 task-1] lavalink.server.io.SocketServer          : Connection successfully established from Lavalink-Client
2021-12-17 17:33:31.680  WARN 9016 --- [pool-2-thread-1] oshi.util.FileUtil                       : Configuration conflict: there is more than one oshi.properties file on the classpath
2021-12-17 17:37:21.606  INFO 22516 --- [main] o.s.boot.SpringApplication               : Starting application on PC-Tobi with PID 22516 (started by tobi in D:\repos\spotify-plugin)
2021-12-17 17:37:21.610  INFO 22516 --- [main] o.s.boot.SpringApplication               : No active profile set, falling back to default profiles: default
2021-12-17 17:37:21.618  WARN 22516 --- [background-preinit] o.s.h.c.j.Jackson2ObjectMapperBuilder    : For Jackson Kotlin classes support please add "com.fasterxml.jackson.module:jackson-module-kotlin" to the classpath
2021-12-17 17:37:22.604  INFO 22516 --- [main] lavalink.server.bootstrap.PluginManager  : Found plugin 'spotify-plugin' version 1.0
2021-12-17 17:37:22.953  INFO 22516 --- [main] o.s.boot.SpringApplication               : Started application in 1.932 seconds (JVM running for 2.544)
2021-12-17 17:37:22.956  INFO 22516 --- [main] lavalink.server.Launcher                 : You can safely ignore the big red warning about illegal reflection. See https://github.com/freyacodes/Lavalink/issues/295
2021-12-17 17:37:23.046  INFO 22516 --- [main] lavalink.server.Launcher                 : 

[32m       .  [31m _                  _ _       _    [32m__ _ _
[32m      /\\ [31m| | __ ___   ____ _| (_)_ __ | | __[32m\ \ \ \
[32m     ( ( )[31m| |/ _` \ \ / / _` | | | '_ \| |/ /[32m \ \ \ \
[32m      \\/ [31m| | (_| |\ V / (_| | | | | | |   < [32m  ) ) ) )
[32m       '  [31m|_|\__,_| \_/ \__,_|_|_|_| |_|_|\_\[32m / / / /
[0m    =========================================[32m/_/_/_/[0m

	Version:        f748ef0ad46bf4429ee8ef7aa3e5ca96a7427788-SNAPSHOT
	Build:          Unofficial
	Build time:     17.12.2021 16:17:24 UTC
	Branch          HEAD
	Commit:         f748ef0
	Commit time:    17.12.2021 16:13:26 UTC
	JVM:            15.0.1
	Lavaplayer      1.3.96-original

2021-12-17 17:37:23.064  INFO 22516 --- [main] o.s.boot.SpringApplication               : No active profile set, falling back to default profiles: default
2021-12-17 17:37:23.928  WARN 22516 --- [main] io.undertow.websockets.jsr               : UT026010: Buffer pool was not set on WebSocketDeploymentInfo, the default pool will be used
2021-12-17 17:37:23.958  INFO 22516 --- [main] io.undertow.servlet                      : Initializing Spring embedded WebApplicationContext
2021-12-17 17:37:23.958  INFO 22516 --- [main] o.s.web.context.ContextLoader            : Root WebApplicationContext: initialization completed in 887 ms
2021-12-17 17:37:24.045  INFO 22516 --- [main] wtf.topi.plugin.spotify.SpotifyPlugin    : Loading SpotifyPlugin...
2021-12-17 17:37:24.772 ERROR 22516 --- [main] wtf.topi.plugin.spotify.SpotifyPlugin    : Updating the access token failed

se.michaelthelin.spotify.exceptions.detailed.BadRequestException: Invalid client
	at se.michaelthelin.spotify.SpotifyHttpManager.getResponseBody(SpotifyHttpManager.java:320) ~[spotify-web-api-java-7.0.0.jar:na]
	at se.michaelthelin.spotify.SpotifyHttpManager.post(SpotifyHttpManager.java:183) ~[spotify-web-api-java-7.0.0.jar:na]
	at se.michaelthelin.spotify.requests.AbstractRequest.postJson(AbstractRequest.java:121) ~[spotify-web-api-java-7.0.0.jar:na]
	at se.michaelthelin.spotify.requests.authorization.client_credentials.ClientCredentialsRequest.execute(ClientCredentialsRequest.java:36) ~[spotify-web-api-java-7.0.0.jar:na]
	at wtf.topi.plugin.spotify.SpotifyPlugin.refreshAccessToken(SpotifyPlugin.java:32) ~[main/:na]
	at wtf.topi.plugin.spotify.SpotifyPlugin.<init>(SpotifyPlugin.java:27) ~[main/:na]
	at java.base/jdk.internal.reflect.NativeConstructorAccessorImpl.newInstance0(Native Method) ~[na:na]
	at java.base/jdk.internal.reflect.NativeConstructorAccessorImpl.newInstance(NativeConstructorAccessorImpl.java:64) ~[na:na]
	at java.base/jdk.internal.reflect.DelegatingConstructorAccessorImpl.newInstance(DelegatingConstructorAccessorImpl.java:45) ~[na:na]
	at java.base/java.lang.reflect.Constructor.newInstanceWithCaller(Constructor.java:500) ~[na:na]
	at java.base/java.lang.reflect.Constructor.newInstance(Constructor.java:481) ~[na:na]
	at org.springframework.beans.BeanUtils.instantiateClass(BeanUtils.java:172) ~[spring-beans-5.1.9.RELEASE.jar:5.1.9.RELEASE]
	at org.springframework.beans.factory.support.SimpleInstantiationStrategy.instantiate(SimpleInstantiationStrategy.java:117) ~[spring-beans-5.1.9.RELEASE.jar:5.1.9.RELEASE]
	at org.springframework.beans.factory.support.ConstructorResolver.instantiate(ConstructorResolver.java:300) ~[spring-beans-5.1.9.RELEASE.jar:5.1.9.RELEASE]
	at org.springframework.beans.factory.support.ConstructorResolver.autowireConstructor(ConstructorResolver.java:285) ~[spring-beans-5.1.9.RELEASE.jar:5.1.9.RELEASE]
	at org.springframework.beans.factory.support.AbstractAutowireCapableBeanFactory.autowireConstructor(AbstractAutowireCapableBeanFactory.java:1341) ~[spring-beans-5.1.9.RELEASE.jar:5.1.9.RELEASE]
	at org.springframework.beans.factory.support.AbstractAutowireCapableBeanFactory.createBeanInstance(AbstractAutowireCapableBeanFactory.java:1187) ~[spring-beans-5.1.9.RELEASE.jar:5.1.9.RELEASE]
	at org.springframework.beans.factory.support.AbstractAutowireCapableBeanFactory.doCreateBean(AbstractAutowireCapableBeanFactory.java:555) ~[spring-beans-5.1.9.RELEASE.jar:5.1.9.RELEASE]
	at org.springframework.beans.factory.support.AbstractAutowireCapableBeanFactory.createBean(AbstractAutowireCapableBeanFactory.java:515) ~[spring-beans-5.1.9.RELEASE.jar:5.1.9.RELEASE]
	at org.springframework.beans.factory.support.AbstractBeanFactory.lambda$doGetBean$0(AbstractBeanFactory.java:320) ~[spring-beans-5.1.9.RELEASE.jar:5.1.9.RELEASE]
	at org.springframework.beans.factory.support.DefaultSingletonBeanRegistry.getSingleton(DefaultSingletonBeanRegistry.java:222) ~[spring-beans-5.1.9.RELEASE.jar:5.1.9.RELEASE]
	at org.springframework.beans.factory.support.AbstractBeanFactory.doGetBean(AbstractBeanFactory.java:318) ~[spring-beans-5.1.9.RELEASE.jar:5.1.9.RELEASE]
	at org.springframework.beans.factory.support.AbstractBeanFactory.getBean(AbstractBeanFactory.java:199) ~[spring-beans-5.1.9.RELEASE.jar:5.1.9.RELEASE]
	at org.springframework.beans.factory.support.DefaultListableBeanFactory.preInstantiateSingletons(DefaultListableBeanFactory.java:845) ~[spring-beans-5.1.9.RELEASE.jar:5.1.9.RELEASE]
	at org.springframework.context.support.AbstractApplicationContext.finishBeanFactoryInitialization(AbstractApplicationContext.java:877) ~[spring-context-5.1.9.RELEASE.jar:5.1.9.RELEASE]
	at org.springframework.context.support.AbstractApplicationContext.refresh(AbstractApplicationContext.java:549) ~[spring-context-5.1.9.RELEASE.jar:5.1.9.RELEASE]
	at org.springframework.boot.web.servlet.context.ServletWebServerApplicationContext.refresh(ServletWebServerApplicationContext.java:141) ~[spring-boot-2.1.8.RELEASE.jar:2.1.8.RELEASE]
	at org.springframework.boot.SpringApplication.refresh(SpringApplication.java:744) ~[spring-boot-2.1.8.RELEASE.jar:2.1.8.RELEASE]
	at org.springframework.boot.SpringApplication.refreshContext(SpringApplication.java:391) ~[spring-boot-2.1.8.RELEASE.jar:2.1.8.RELEASE]
	at org.springframework.boot.SpringApplication.run(SpringApplication.java:312) ~[spring-boot-2.1.8.RELEASE.jar:2.1.8.RELEASE]
	at org.springframework.boot.builder.SpringApplicationBuilder.run(SpringApplicationBuilder.java:140) ~[spring-boot-2.1.8.RELEASE.jar:2.1.8.RELEASE]
	at lavalink.server.Launcher.launchMain(Launcher.kt:162) ~[classes!/:na]
	at lavalink.server.Launcher.main(Launcher.kt:129) ~[classes!/:na]
	at java.base/jdk.internal.reflect.NativeMethodAccessorImpl.invoke0(Native Method) ~[na:na]
	at java.base/jdk.internal.reflect.NativeMethodAccessorImpl.invoke(NativeMethodAccessorImpl.java:64) ~[na:na]
	at java.base/jdk.internal.reflect.DelegatingMethodAccessorImpl.invoke(DelegatingMethodAccessorImpl.java:43) ~[na:na]
	at java.base/java.lang.reflect.Method.invoke(Method.java:564) ~[na:na]
	at org.springframework.boot.loader.MainMethodRunner.run(MainMethodRunner.java:48) ~[Lavalink-Server-f748ef0.jar:na]
	at org.springframework.boot.loader.Launcher.launch(Launcher.java:87) ~[Lavalink-Server-f748ef0.jar:na]
	at org.springframework.boot.loader.Launcher.launch(Launcher.java:51) ~[Lavalink-Server-f748ef0.jar:na]
	at org.springframework.boot.loader.JarLauncher.main(JarLauncher.java:52) ~[Lavalink-Server-f748ef0.jar:na]

2021-12-17 17:37:24.963  INFO 22516 --- [main] c.s.d.l.tools.GarbageCollectionMonitor   : GC monitoring enabled, reporting results every 2 minutes.
2021-12-17 17:37:24.987  INFO 22516 --- [main] wtf.topi.plugin.spotify.SpotifyPlugin    : Loading SpotifyPlugin...
2021-12-17 17:37:25.000  WARN 22516 --- [main] l.server.config.SentryConfiguration      : Turning off sentry
2021-12-17 17:37:25.227  INFO 22516 --- [main] lavalink.server.config.KoeConfiguration  : OS: Windows 10, Arch: amd64
2021-12-17 17:37:25.228  WARN 22516 --- [main] lavalink.server.config.KoeConfiguration  : This system and architecture appears to not support native audio sending! GC pauses may cause your bot to stutter during playback.
2021-12-17 17:37:25.362  INFO 22516 --- [main] o.s.s.concurrent.ThreadPoolTaskExecutor  : Initializing ExecutorService 'applicationTaskExecutor'
2021-12-17 17:37:25.548  INFO 22516 --- [main] org.xnio                                 : XNIO version 3.3.8.Final
2021-12-17 17:37:25.562  INFO 22516 --- [main] org.xnio.nio                             : XNIO NIO Implementation Version 3.3.8.Final
2021-12-17 17:37:25.620  INFO 22516 --- [main] o.s.b.w.e.u.UndertowServletWebServer     : Undertow started on port(s) 2333 (http) with context path ''
2021-12-17 17:37:25.621  INFO 22516 --- [main] o.s.boot.SpringApplication               : Started application in 2.657 seconds (JVM running for 5.212)
2021-12-17 17:37:25.687  INFO 22516 --- [XNIO-1 task-1] io.undertow.servlet                      : Initializing Spring DispatcherServlet 'dispatcherServlet'
2021-12-17 17:37:25.688  INFO 22516 --- [XNIO-1 task-1] o.s.web.servlet.DispatcherServlet        : Initializing Servlet 'dispatcherServlet'
2021-12-17 17:37:25.694  INFO 22516 --- [XNIO-1 task-1] o.s.web.servlet.DispatcherServlet        : Completed initialization in 6 ms
2021-12-17 17:37:25.712  INFO 22516 --- [XNIO-1 task-1] l.server.io.HandshakeInterceptorImpl     : Incoming connection from /127.0.0.1:62859
2021-12-17 17:37:25.784  INFO 22516 --- [XNIO-1 task-1] lavalink.server.io.SocketServer          : Connection successfully established from Lavalink-Client
2021-12-17 17:37:25.791  WARN 22516 --- [pool-2-thread-1] oshi.util.FileUtil                       : Configuration conflict: there is more than one oshi.properties file on the classpath
2021-12-17 17:44:35.408  INFO 21536 --- [main] o.s.boot.SpringApplication               : Starting application on PC-Tobi with PID 21536 (started by tobi in D:\repos\spotify-plugin)
2021-12-17 17:44:35.412  INFO 21536 --- [main] o.s.boot.SpringApplication               : No active profile set, falling back to default profiles: default
2021-12-17 17:44:35.429  WARN 21536 --- [background-preinit] o.s.h.c.j.Jackson2ObjectMapperBuilder    : For Jackson Kotlin classes support please add "com.fasterxml.jackson.module:jackson-module-kotlin" to the classpath
2021-12-17 17:44:36.434  INFO 21536 --- [main] lavalink.server.bootstrap.PluginManager  : Found plugin 'spotify-plugin' version 1.0
2021-12-17 17:44:36.772  INFO 21536 --- [main] o.s.boot.SpringApplication               : Started application in 2.032 seconds (JVM running for 2.736)
2021-12-17 17:44:36.773  INFO 21536 --- [main] lavalink.server.Launcher                 : You can safely ignore the big red warning about illegal reflection. See https://github.com/freyacodes/Lavalink/issues/295
2021-12-17 17:44:36.843  INFO 21536 --- [main] lavalink.server.Launcher                 : 

[32m       .  [31m _                  _ _       _    [32m__ _ _
[32m      /\\ [31m| | __ ___   ____ _| (_)_ __ | | __[32m\ \ \ \
[32m     ( ( )[31m| |/ _` \ \ / / _` | | | '_ \| |/ /[32m \ \ \ \
[32m      \\/ [31m| | (_| |\ V / (_| | | | | | |   < [32m  ) ) ) )
[32m       '  [31m|_|\__,_| \_/ \__,_|_|_|_| |_|_|\_\[32m / / / /
[0m    =========================================[32m/_/_/_/[0m

	Version:        f748ef0ad46bf4429ee8ef7aa3e5ca96a7427788-SNAPSHOT
	Build:          Unofficial
	Build time:     17.12.2021 16:17:24 UTC
	Branch          HEAD
	Commit:         f748ef0
	Commit time:    17.12.2021 16:13:26 UTC
	JVM:            15.0.1
	Lavaplayer      1.3.96-original

2021-12-17 17:44:36.853  INFO 21536 --- [main] o.s.boot.SpringApplication               : No active profile set, falling back to default profiles: default
2021-12-17 17:44:37.680  WARN 21536 --- [main] io.undertow.websockets.jsr               : UT026010: Buffer pool was not set on WebSocketDeploymentInfo, the default pool will be used
2021-12-17 17:44:37.703  INFO 21536 --- [main] io.undertow.servlet                      : Initializing Spring embedded WebApplicationContext
2021-12-17 17:44:37.703  INFO 21536 --- [main] o.s.web.context.ContextLoader            : Root WebApplicationContext: initialization completed in 844 ms
2021-12-17 17:44:37.777  INFO 21536 --- [main] wtf.topi.plugin.spotify.SpotifyPlugin    : Loading SpotifyPlugin...
2021-12-17 17:44:38.613  INFO 21536 --- [main] c.s.d.l.tools.GarbageCollectionMonitor   : GC monitoring enabled, reporting results every 2 minutes.
2021-12-17 17:44:38.643  INFO 21536 --- [main] wtf.topi.plugin.spotify.SpotifyPlugin    : Loading SpotifyPlugin...
2021-12-17 17:44:38.656  WARN 21536 --- [main] l.server.config.SentryConfiguration      : Turning off sentry
2021-12-17 17:44:38.840  INFO 21536 --- [main] lavalink.server.config.KoeConfiguration  : OS: Windows 10, Arch: amd64
2021-12-17 17:44:38.841  WARN 21536 --- [main] lavalink.server.config.KoeConfiguration  : This system and architecture appears to not support native audio sending! GC pauses may cause your bot to stutter during playback.
2021-12-17 17:44:38.998  INFO 21536 --- [main] o.s.s.concurrent.ThreadPoolTaskExecutor  : Initializing ExecutorService 'applicationTaskExecutor'
2021-12-17 17:44:39.177  INFO 21536 --- [main] org.xnio                                 : XNIO version 3.3.8.Final
2021-12-17 17:44:39.186  INFO 21536 --- [main] org.xnio.nio                             : XNIO NIO Implementation Version 3.3.8.Final
2021-12-17 17:44:39.242  INFO 21536 --- [main] o.s.b.w.e.u.UndertowServletWebServer     : Undertow started on port(s) 2333 (http) with context path ''
2021-12-17 17:44:39.243  INFO 21536 --- [main] o.s.boot.SpringApplication               : Started application in 2.463 seconds (JVM running for 5.207)
2021-12-17 17:44:39.547  INFO 21536 --- [XNIO-1 task-1] io.undertow.servlet                      : Initializing Spring DispatcherServlet 'dispatcherServlet'
2021-12-17 17:44:39.547  INFO 21536 --- [XNIO-1 task-1] o.s.web.servlet.DispatcherServlet        : Initializing Servlet 'dispatcherServlet'
2021-12-17 17:44:39.552  INFO 21536 --- [XNIO-1 task-1] o.s.web.servlet.DispatcherServlet        : Completed initialization in 5 ms
2021-12-17 17:44:39.574  INFO 21536 --- [XNIO-1 task-1] l.server.io.HandshakeInterceptorImpl     : Incoming connection from /127.0.0.1:63057
2021-12-17 17:44:39.638  INFO 21536 --- [XNIO-1 task-1] lavalink.server.io.SocketServer          : Connection successfully established from Lavalink-Client
2021-12-17 17:44:39.645  WARN 21536 --- [pool-2-thread-1] oshi.util.FileUtil                       : Configuration conflict: there is more than one oshi.properties file on the classpath
2021-12-17 17:45:48.200  INFO 21896 --- [main] o.s.boot.SpringApplication               : Starting application on PC-Tobi with PID 21896 (started by tobi in D:\repos\spotify-plugin)
2021-12-17 17:45:48.204  INFO 21896 --- [main] o.s.boot.SpringApplication               : No active profile set, falling back to default profiles: default
2021-12-17 17:45:48.238  WARN 21896 --- [background-preinit] o.s.h.c.j.Jackson2ObjectMapperBuilder    : For Jackson Kotlin classes support please add "com.fasterxml.jackson.module:jackson-module-kotlin" to the classpath
2021-12-17 17:45:49.219  INFO 21896 --- [main] lavalink.server.bootstrap.PluginManager  : Found plugin 'spotify-plugin' version 1.0
2021-12-17 17:45:49.607  INFO 21896 --- [main] o.s.boot.SpringApplication               : Started application in 2.022 seconds (JVM running for 2.615)
2021-12-17 17:45:49.608  INFO 21896 --- [main] lavalink.server.Launcher                 : You can safely ignore the big red warning about illegal reflection. See https://github.com/freyacodes/Lavalink/issues/295
2021-12-17 17:45:49.680  INFO 21896 --- [main] lavalink.server.Launcher                 : 

[32m       .  [31m _                  _ _       _    [32m__ _ _
[32m      /\\ [31m| | __ ___   ____ _| (_)_ __ | | __[32m\ \ \ \
[32m     ( ( )[31m| |/ _` \ \ / / _` | | | '_ \| |/ /[32m \ \ \ \
[32m      \\/ [31m| | (_| |\ V / (_| | | | | | |   < [32m  ) ) ) )
[32m       '  [31m|_|\__,_| \_/ \__,_|_|_|_| |_|_|\_\[32m / / / /
[0m    =========================================[32m/_/_/_/[0m

	Version:        f748ef0ad46bf4429ee8ef7aa3e5ca96a7427788-SNAPSHOT
	Build:          Unofficial
	Build time:     17.12.2021 16:17:24 UTC
	Branch          HEAD
	Commit:         f748ef0
	Commit time:    17.12.2021 16:13:26 UTC
	JVM:            15.0.1
	Lavaplayer      1.3.96-original

2021-12-17 17:45:49.690  INFO 21896 --- [main] o.s.boot.SpringApplication               : No active profile set, falling back to default profiles: default
2021-12-17 17:45:50.533  WARN 21896 --- [main] io.undertow.websockets.jsr               : UT026010: Buffer pool was not set on WebSocketDeploymentInfo, the default pool will be used
2021-12-17 17:45:50.562  INFO 21896 --- [main] io.undertow.servlet                      : Initializing Spring embedded WebApplicationContext
2021-12-17 17:45:50.562  INFO 21896 --- [main] o.s.web.context.ContextLoader            : Root WebApplicationContext: initialization completed in 868 ms
2021-12-17 17:45:50.638  INFO 21896 --- [main] wtf.topi.plugin.spotify.SpotifyPlugin    : Loading SpotifyPlugin...
2021-12-17 17:45:51.471  INFO 21896 --- [main] c.s.d.l.tools.GarbageCollectionMonitor   : GC monitoring enabled, reporting results every 2 minutes.
2021-12-17 17:45:51.493  INFO 21896 --- [main] wtf.topi.plugin.spotify.SpotifyPlugin    : Loading SpotifyPlugin...
2021-12-17 17:45:51.505  WARN 21896 --- [main] l.server.config.SentryConfiguration      : Turning off sentry
2021-12-17 17:45:51.659  INFO 21896 --- [main] lavalink.server.config.KoeConfiguration  : OS: Windows 10, Arch: amd64
2021-12-17 17:45:51.660  WARN 21896 --- [main] lavalink.server.config.KoeConfiguration  : This system and architecture appears to not support native audio sending! GC pauses may cause your bot to stutter during playback.
2021-12-17 17:45:51.792  INFO 21896 --- [main] o.s.s.concurrent.ThreadPoolTaskExecutor  : Initializing ExecutorService 'applicationTaskExecutor'
2021-12-17 17:45:51.988  INFO 21896 --- [main] org.xnio                                 : XNIO version 3.3.8.Final
2021-12-17 17:45:51.999  INFO 21896 --- [main] org.xnio.nio                             : XNIO NIO Implementation Version 3.3.8.Final
2021-12-17 17:45:52.067  INFO 21896 --- [main] o.s.b.w.e.u.UndertowServletWebServer     : Undertow started on port(s) 2333 (http) with context path ''
2021-12-17 17:45:52.069  INFO 21896 --- [main] o.s.boot.SpringApplication               : Started application in 2.456 seconds (JVM running for 5.078)
2021-12-17 17:45:52.142  INFO 21896 --- [XNIO-1 task-1] io.undertow.servlet                      : Initializing Spring DispatcherServlet 'dispatcherServlet'
2021-12-17 17:45:52.143  INFO 21896 --- [XNIO-1 task-1] o.s.web.servlet.DispatcherServlet        : Initializing Servlet 'dispatcherServlet'
2021-12-17 17:45:52.149  INFO 21896 --- [XNIO-1 task-1] o.s.web.servlet.DispatcherServlet        : Completed initialization in 6 ms
2021-12-17 17:45:52.177  INFO 21896 --- [XNIO-1 task-1] l.server.io.HandshakeInterceptorImpl     : Incoming connection from /127.0.0.1:63177
2021-12-17 17:45:52.249  INFO 21896 --- [XNIO-1 task-1] lavalink.server.io.SocketServer          : Connection successfully established from Lavalink-Client
2021-12-17 17:45:52.257  WARN 21896 --- [pool-2-thread-1] oshi.util.FileUtil                       : Configuration conflict: there is more than one oshi.properties file on the classpath
2021-12-17 17:46:22.460  INFO 21896 --- [XNIO-1 I/O-9] lavalink.server.io.SocketServer          : {"op":"voiceUpdate","sessionId":"a3e9ea4aa77591e5d27a5b63d40eb374","event":{"guild_id":"730879265956167740","endpoint":"rotterdam5464.discord.media:443","token":"ca32385dec487dcc"},"guildId":"730879265956167740"}
2021-12-17 17:46:39.315  INFO 21896 --- [XNIO-1 I/O-9] lavalink.server.io.SocketServer          : Connection closed from /127.0.0.1:63177 -- CloseStatus[code=1006, reason=]
2021-12-17 17:46:39.316  INFO 21896 --- [XNIO-1 I/O-9] lavalink.server.io.SocketContext         : Shutting down 0 playing players.
2021-12-17 17:46:56.269  INFO 21896 --- [XNIO-1 task-2] l.server.io.HandshakeInterceptorImpl     : Incoming connection from /127.0.0.1:63477
2021-12-17 17:46:56.272  INFO 21896 --- [XNIO-1 task-2] lavalink.server.io.SocketServer          : Connection successfully established from Lavalink-Client
2021-12-17 17:46:59.293  INFO 21896 --- [XNIO-1 I/O-9] lavalink.server.io.SocketServer          : {"op":"voiceUpdate","sessionId":"0d9c88743d0e1c9a0d3ac4263226e616","event":{"guild_id":"730879265956167740","endpoint":"rotterdam8747.discord.media:443","token":"f8a05700d2ede5aa"},"guildId":"730879265956167740"}
2021-12-17 17:47:06.288  INFO 21896 --- [XNIO-1 I/O-9] lavalink.server.io.SocketServer          : Connection closed from /127.0.0.1:63477 -- CloseStatus[code=1006, reason=]
2021-12-17 17:47:06.289  INFO 21896 --- [XNIO-1 I/O-9] lavalink.server.io.SocketContext         : Shutting down 0 playing players.
2021-12-17 17:47:13.377  INFO 21896 --- [XNIO-1 task-3] l.server.io.HandshakeInterceptorImpl     : Incoming connection from /127.0.0.1:62396
2021-12-17 17:47:13.380  INFO 21896 --- [XNIO-1 task-3] lavalink.server.io.SocketServer          : Connection successfully established from Lavalink-Client
2021-12-17 17:47:18.543  INFO 21896 --- [XNIO-1 I/O-8] lavalink.server.io.SocketServer          : {"op":"voiceUpdate","sessionId":"cf226929fb5f588de136b760f3f80208","event":{"guild_id":"730879265956167740","endpoint":"rotterdam7733.discord.media:443","token":"3feb805b152ece49"},"guildId":"730879265956167740"}
2021-12-17 17:47:49.647  INFO 21896 --- [XNIO-1 task-4] l.server.player.AudioLoaderRestHandler   : Got request to load for identifier "https://open.spotify.com/track/3yk51U329nwdpeIHV0O5ez"
2021-12-17 17:47:49.806  INFO 21896 --- [lava-daemon-pool-info-loader-2-thread-1] lavalink.server.player.AudioLoader       : Loaded track Yellowjacket (feat. Sam Carter)
2021-12-17 17:47:49.819 ERROR 21896 --- [XNIO-1 task-5] io.undertow.request                      : UT005023: Exception handling request to /loadtracks

org.springframework.web.util.NestedServletException: Request processing failed; nested exception is java.lang.NullPointerException: Cannot invoke "com.sedmelluq.discord.lavaplayer.source.AudioSourceManager.getSourceName()" because "sourceManager" is null
	at org.springframework.web.servlet.FrameworkServlet.processRequest(FrameworkServlet.java:1013) ~[spring-webmvc-5.1.9.RELEASE.jar:5.1.9.RELEASE]
	at org.springframework.web.servlet.FrameworkServlet.doGet(FrameworkServlet.java:897) ~[spring-webmvc-5.1.9.RELEASE.jar:5.1.9.RELEASE]
	at javax.servlet.http.HttpServlet.service(HttpServlet.java:645) ~[javax.servlet-api-4.0.1.jar:4.0.1]
	at org.springframework.web.servlet.FrameworkServlet.service(FrameworkServlet.java:882) ~[spring-webmvc-5.1.9.RELEASE.jar:5.1.9.RELEASE]
	at javax.servlet.http.HttpServlet.service(HttpServlet.java:750) ~[javax.servlet-api-4.0.1.jar:4.0.1]
	at io.undertow.servlet.handlers.ServletHandler.handleRequest(ServletHandler.java:74) ~[undertow-servlet-2.0.26.Final.jar:2.0.26.Final]
	at io.undertow.servlet.handlers.FilterHandler.handleRequest(FilterHandler.java:81) ~[undertow-servlet-2.0.26.Final.jar:2.0.26.Final]
	at io.undertow.servlet.handlers.security.ServletSecurityRoleHandler.handleRequest(ServletSecurityRoleHandler.java:62) ~[undertow-servlet-2.0.26.Final.jar:2.0.26.Final]
	at io.undertow.servlet.handlers.ServletChain$1.handleRequest(ServletChain.java:68) ~[undertow-servlet-2.0.26.Final.jar:2.0.26.Final]
	at io.undertow.servlet.handlers.ServletDispatchingHandler.handleRequest(ServletDispatchingHandler.java:36) ~[undertow-servlet-2.0.26.Final.jar:2.0.26.Final]
	at io.undertow.servlet.handlers.RedirectDirHandler.handleRequest(RedirectDirHandler.java:68) ~[undertow-servlet-2.0.26.Final.jar:2.0.26.Final]
	at io.undertow.server.handlers.PredicateHandler.handleRequest(PredicateHandler.java:43) ~[undertow-core-2.0.26.Final.jar:2.0.26.Final]
	at io.undertow.server.handlers.PredicateHandler.handleRequest(PredicateHandler.java:43) ~[undertow-core-2.0.26.Final.jar:2.0.26.Final]
	at io.undertow.servlet.handlers.ServletInitialHandler.handleFirstRequest(ServletInitialHandler.java:269) ~[undertow-servlet-2.0.26.Final.jar:2.0.26.Final]
	at io.undertow.servlet.handlers.ServletInitialHandler.access$100(ServletInitialHandler.java:78) ~[undertow-servlet-2.0.26.Final.jar:2.0.26.Final]
	at io.undertow.servlet.handlers.ServletInitialHandler$2.call(ServletInitialHandler.java:133) ~[undertow-servlet-2.0.26.Final.jar:2.0.26.Final]
	at io.undertow.servlet.handlers.ServletInitialHandler$2.call(ServletInitialHandler.java:130) ~[undertow-servlet-2.0.26.Final.jar:2.0.26.Final]
	at io.undertow.servlet.core.ServletRequestContextThreadSetupAction$1.call(ServletRequestContextThreadSetupAction.java:48) ~[undertow-servlet-2.0.26.Final.jar:2.0.26.Final]
	at io.undertow.servlet.core.ContextClassLoaderSetupAction$1.call(ContextClassLoaderSetupAction.java:43) ~[undertow-servlet-2.0.26.Final.jar:2.0.26.Final]
	at io.undertow.servlet.handlers.ServletInitialHandler.dispatchRequest(ServletInitialHandler.java:249) ~[undertow-servlet-2.0.26.Final.jar:2.0.26.Final]
	at io.undertow.servlet.handlers.ServletInitialHandler.dispatchToPath(ServletInitialHandler.java:186) ~[undertow-servlet-2.0.26.Final.jar:2.0.26.Final]
	at io.undertow.servlet.spec.AsyncContextImpl$2$1.handleRequest(AsyncContextImpl.java:194) ~[undertow-servlet-2.0.26.Final.jar:2.0.26.Final]
	at io.undertow.server.Connectors.executeRootHandler(Connectors.java:376) ~[undertow-core-2.0.26.Final.jar:2.0.26.Final]
	at io.undertow.servlet.spec.AsyncContextImpl$2.run(AsyncContextImpl.java:191) ~[undertow-servlet-2.0.26.Final.jar:2.0.26.Final]
	at io.undertow.servlet.spec.AsyncContextImpl$6.run(AsyncContextImpl.java:465) ~[undertow-servlet-2.0.26.Final.jar:2.0.26.Final]
	at io.undertow.servlet.spec.AsyncContextImpl$TaskDispatchRunnable.run(AsyncContextImpl.java:584) ~[undertow-servlet-2.0.26.Final.jar:2.0.26.Final]
	at java.base/java.util.concurrent.ThreadPoolExecutor.runWorker(ThreadPoolExecutor.java:1130) ~[na:na]
	at java.base/java.util.concurrent.ThreadPoolExecutor$Worker.run(ThreadPoolExecutor.java:630) ~[na:na]
	at java.base/java.lang.Thread.run(Thread.java:832) ~[na:na]
Caused by: java.lang.NullPointerException: Cannot invoke "com.sedmelluq.discord.lavaplayer.source.AudioSourceManager.getSourceName()" because "sourceManager" is null
	at com.sedmelluq.discord.lavaplayer.player.DefaultAudioPlayerManager.encodeTrackDetails(DefaultAudioPlayerManager.java:304) ~[lavaplayer-fork-1.3.96.jar:na]
	at com.sedmelluq.discord.lavaplayer.player.DefaultAudioPlayerManager.encodeTrack(DefaultAudioPlayerManager.java:255) ~[lavaplayer-fork-1.3.96.jar:na]
	at lavalink.server.util.Util.toMessage(Util.java:49) ~[classes!/:na]
	at lavalink.server.player.AudioLoaderRestHandler.lambda$encodeLoadResult$0(AudioLoaderRestHandler.java:89) ~[classes!/:na]
	at java.base/java.util.ArrayList.forEach(ArrayList.java:1511) ~[na:na]
	at java.base/java.util.Collections$UnmodifiableCollection.forEach(Collections.java:1087) ~[na:na]
	at lavalink.server.player.AudioLoaderRestHandler.encodeLoadResult(AudioLoaderRestHandler.java:84) ~[classes!/:na]
	at java.base/java.util.concurrent.CompletableFuture$UniApply.tryFire(CompletableFuture.java:642) ~[na:na]
	at java.base/java.util.concurrent.CompletableFuture.postComplete(CompletableFuture.java:506) ~[na:na]
	at java.base/java.util.concurrent.CompletableFuture.complete(CompletableFuture.java:2137) ~[na:na]
	at lavalink.server.player.AudioLoader.trackLoaded(AudioLoader.java:72) ~[classes!/:na]
	at com.sedmelluq.discord.lavaplayer.player.DefaultAudioPlayerManager.checkSourcesForItemOnce(DefaultAudioPlayerManager.java:442) ~[lavaplayer-fork-1.3.96.jar:na]
	at com.sedmelluq.discord.lavaplayer.player.DefaultAudioPlayerManager.checkSourcesForItem(DefaultAudioPlayerManager.java:418) ~[lavaplayer-fork-1.3.96.jar:na]
	at com.sedmelluq.discord.lavaplayer.player.DefaultAudioPlayerManager.lambda$createItemLoader$0(DefaultAudioPlayerManager.java:217) ~[lavaplayer-fork-1.3.96.jar:na]
	at java.base/java.util.concurrent.FutureTask.run(FutureTask.java:264) ~[na:na]
	... 3 common frames omitted

2021-12-17 18:06:11.388  INFO 22152 --- [main] o.s.boot.SpringApplication               : Starting application on PC-Tobi with PID 22152 (started by tobi in D:\repos\spotify-plugin)
2021-12-17 18:06:11.392  INFO 22152 --- [main] o.s.boot.SpringApplication               : No active profile set, falling back to default profiles: default
2021-12-17 18:06:11.426  WARN 22152 --- [background-preinit] o.s.h.c.j.Jackson2ObjectMapperBuilder    : For Jackson Kotlin classes support please add "com.fasterxml.jackson.module:jackson-module-kotlin" to the classpath
2021-12-17 18:06:12.589  INFO 22152 --- [main] lavalink.server.bootstrap.PluginManager  : Found plugin 'spotify-plugin' version 1.0
2021-12-17 18:06:13.061  INFO 22152 --- [main] o.s.boot.SpringApplication               : Started application in 2.426 seconds (JVM running for 3.044)
2021-12-17 18:06:13.065  INFO 22152 --- [main] lavalink.server.Launcher                 : You can safely ignore the big red warning about illegal reflection. See https://github.com/freyacodes/Lavalink/issues/295
2021-12-17 18:06:13.150  INFO 22152 --- [main] lavalink.server.Launcher                 : 

[32m       .  [31m _                  _ _       _    [32m__ _ _
[32m      /\\ [31m| | __ ___   ____ _| (_)_ __ | | __[32m\ \ \ \
[32m     ( ( )[31m| |/ _` \ \ / / _` | | | '_ \| |/ /[32m \ \ \ \
[32m      \\/ [31m| | (_| |\ V / (_| | | | | | |   < [32m  ) ) ) )
[32m       '  [31m|_|\__,_| \_/ \__,_|_|_|_| |_|_|\_\[32m / / / /
[0m    =========================================[32m/_/_/_/[0m

	Version:        f748ef0ad46bf4429ee8ef7aa3e5ca96a7427788-SNAPSHOT
	Build:          Unofficial
	Build time:     17.12.2021 16:17:24 UTC
	Branch          HEAD
	Commit:         f748ef0
	Commit time:    17.12.2021 16:13:26 UTC
	JVM:            15.0.1
	Lavaplayer      1.3.96-original

2021-12-17 18:06:13.161  INFO 22152 --- [main] o.s.boot.SpringApplication               : No active profile set, falling back to default profiles: default
2021-12-17 18:06:13.946  WARN 22152 --- [main] io.undertow.websockets.jsr               : UT026010: Buffer pool was not set on WebSocketDeploymentInfo, the default pool will be used
2021-12-17 18:06:13.984  INFO 22152 --- [main] io.undertow.servlet                      : Initializing Spring embedded WebApplicationContext
2021-12-17 18:06:13.984  INFO 22152 --- [main] o.s.web.context.ContextLoader            : Root WebApplicationContext: initialization completed in 818 ms
2021-12-17 18:06:14.871  INFO 22152 --- [main] c.s.d.l.tools.GarbageCollectionMonitor   : GC monitoring enabled, reporting results every 2 minutes.
2021-12-17 18:06:14.904  WARN 22152 --- [main] l.server.config.SentryConfiguration      : Turning off sentry
2021-12-17 18:06:15.087  INFO 22152 --- [main] lavalink.server.config.KoeConfiguration  : OS: Windows 10, Arch: amd64
2021-12-17 18:06:15.088  WARN 22152 --- [main] lavalink.server.config.KoeConfiguration  : This system and architecture appears to not support native audio sending! GC pauses may cause your bot to stutter during playback.
2021-12-17 18:06:15.208  INFO 22152 --- [main] o.s.s.concurrent.ThreadPoolTaskExecutor  : Initializing ExecutorService 'applicationTaskExecutor'
2021-12-17 18:06:15.384  INFO 22152 --- [main] org.xnio                                 : XNIO version 3.3.8.Final
2021-12-17 18:06:15.394  INFO 22152 --- [main] org.xnio.nio                             : XNIO NIO Implementation Version 3.3.8.Final
2021-12-17 18:06:15.458  INFO 22152 --- [main] o.s.b.w.e.u.UndertowServletWebServer     : Undertow started on port(s) 2333 (http) with context path ''
2021-12-17 18:06:15.459  INFO 22152 --- [main] o.s.boot.SpringApplication               : Started application in 2.387 seconds (JVM running for 5.441)
2021-12-17 18:06:15.708  INFO 22152 --- [XNIO-1 task-1] io.undertow.servlet                      : Initializing Spring DispatcherServlet 'dispatcherServlet'
2021-12-17 18:06:15.708  INFO 22152 --- [XNIO-1 task-1] o.s.web.servlet.DispatcherServlet        : Initializing Servlet 'dispatcherServlet'
2021-12-17 18:06:15.713  INFO 22152 --- [XNIO-1 task-1] o.s.web.servlet.DispatcherServlet        : Completed initialization in 5 ms
2021-12-17 18:06:15.730  INFO 22152 --- [XNIO-1 task-1] l.server.io.HandshakeInterceptorImpl     : Incoming connection from /127.0.0.1:60139
2021-12-17 18:06:15.789  INFO 22152 --- [XNIO-1 task-1] lavalink.server.io.SocketServer          : Connection successfully established from Lavalink-Client
2021-12-17 18:06:15.797  WARN 22152 --- [pool-2-thread-1] oshi.util.FileUtil                       : Configuration conflict: there is more than one oshi.properties file on the classpath
2021-12-17 18:06:21.018  INFO 22152 --- [XNIO-1 task-2] l.server.player.AudioLoaderRestHandler   : Got request to load for identifier "https://open.spotify.com/track/3yk51U329nwdpeIHV0O5ez"
2021-12-17 18:06:21.200  INFO 22152 --- [lava-daemon-pool-info-loader-2-thread-1] lavalink.server.player.AudioLoader       : Loaded track Yellowjacket (feat. Sam Carter)
2021-12-17 18:07:18.804  INFO 22152 --- [XNIO-1 task-4] l.server.player.AudioLoaderRestHandler   : Got request to load for identifier "https://open.spotify.com/track/3yk51U329nwdpeIHV0O5ez"
2021-12-17 18:07:18.810  INFO 22152 --- [lava-daemon-pool-info-loader-2-thread-1] lavalink.server.player.AudioLoader       : Loaded track Yellowjacket (feat. Sam Carter)
2021-12-17 18:20:22.831  INFO 2856 --- [main] o.s.boot.SpringApplication               : Starting application on PC-Tobi with PID 2856 (started by tobi in D:\repos\spotify-plugin)
2021-12-17 18:20:22.835  INFO 2856 --- [main] o.s.boot.SpringApplication               : No active profile set, falling back to default profiles: default
2021-12-17 18:20:22.890  WARN 2856 --- [background-preinit] o.s.h.c.j.Jackson2ObjectMapperBuilder    : For Jackson Kotlin classes support please add "com.fasterxml.jackson.module:jackson-module-kotlin" to the classpath
2021-12-17 18:20:23.995  INFO 2856 --- [main] lavalink.server.bootstrap.PluginManager  : Found plugin 'spotify-plugin' version 1.0
2021-12-17 18:20:24.399  INFO 2856 --- [main] o.s.boot.SpringApplication               : Started application in 2.22 seconds (JVM running for 2.878)
2021-12-17 18:20:24.400  INFO 2856 --- [main] lavalink.server.Launcher                 : You can safely ignore the big red warning about illegal reflection. See https://github.com/freyacodes/Lavalink/issues/295
2021-12-17 18:20:24.480  INFO 2856 --- [main] lavalink.server.Launcher                 : 

[32m       .  [31m _                  _ _       _    [32m__ _ _
[32m      /\\ [31m| | __ ___   ____ _| (_)_ __ | | __[32m\ \ \ \
[32m     ( ( )[31m| |/ _` \ \ / / _` | | | '_ \| |/ /[32m \ \ \ \
[32m      \\/ [31m| | (_| |\ V / (_| | | | | | |   < [32m  ) ) ) )
[32m       '  [31m|_|\__,_| \_/ \__,_|_|_|_| |_|_|\_\[32m / / / /
[0m    =========================================[32m/_/_/_/[0m

	Version:        f748ef0ad46bf4429ee8ef7aa3e5ca96a7427788-SNAPSHOT
	Build:          Unofficial
	Build time:     17.12.2021 16:17:24 UTC
	Branch          HEAD
	Commit:         f748ef0
	Commit time:    17.12.2021 16:13:26 UTC
	JVM:            15.0.1
	Lavaplayer      1.3.96-original

2021-12-17 18:20:24.492  INFO 2856 --- [main] o.s.boot.SpringApplication               : No active profile set, falling back to default profiles: default
2021-12-17 18:20:25.569  WARN 2856 --- [main] io.undertow.websockets.jsr               : UT026010: Buffer pool was not set on WebSocketDeploymentInfo, the default pool will be used
2021-12-17 18:20:25.608  INFO 2856 --- [main] io.undertow.servlet                      : Initializing Spring embedded WebApplicationContext
2021-12-17 18:20:25.608  INFO 2856 --- [main] o.s.web.context.ContextLoader            : Root WebApplicationContext: initialization completed in 1110 ms
2021-12-17 18:20:26.484  INFO 2856 --- [main] c.s.d.l.tools.GarbageCollectionMonitor   : GC monitoring enabled, reporting results every 2 minutes.
2021-12-17 18:20:26.518  WARN 2856 --- [main] l.server.config.SentryConfiguration      : Turning off sentry
2021-12-17 18:20:26.676  INFO 2856 --- [main] lavalink.server.config.KoeConfiguration  : OS: Windows 10, Arch: amd64
2021-12-17 18:20:26.676  WARN 2856 --- [main] lavalink.server.config.KoeConfiguration  : This system and architecture appears to not support native audio sending! GC pauses may cause your bot to stutter during playback.
2021-12-17 18:20:26.842  INFO 2856 --- [main] o.s.s.concurrent.ThreadPoolTaskExecutor  : Initializing ExecutorService 'applicationTaskExecutor'
2021-12-17 18:20:27.033  INFO 2856 --- [main] org.xnio                                 : XNIO version 3.3.8.Final
2021-12-17 18:20:27.043  INFO 2856 --- [main] org.xnio.nio                             : XNIO NIO Implementation Version 3.3.8.Final
2021-12-17 18:20:27.106  INFO 2856 --- [main] o.s.b.w.e.u.UndertowServletWebServer     : Undertow started on port(s) 2333 (http) with context path ''
2021-12-17 18:20:27.107  INFO 2856 --- [main] o.s.boot.SpringApplication               : Started application in 2.7 seconds (JVM running for 5.587)
2021-12-17 18:20:34.644  INFO 2856 --- [XNIO-1 task-1] io.undertow.servlet                      : Initializing Spring DispatcherServlet 'dispatcherServlet'
2021-12-17 18:20:34.644  INFO 2856 --- [XNIO-1 task-1] o.s.web.servlet.DispatcherServlet        : Initializing Servlet 'dispatcherServlet'
2021-12-17 18:20:34.651  INFO 2856 --- [XNIO-1 task-1] o.s.web.servlet.DispatcherServlet        : Completed initialization in 7 ms
2021-12-17 18:20:34.669  INFO 2856 --- [XNIO-1 task-1] l.server.io.HandshakeInterceptorImpl     : Incoming connection from /127.0.0.1:53515
2021-12-17 18:20:34.746  INFO 2856 --- [XNIO-1 task-1] lavalink.server.io.SocketServer          : Connection successfully established from Lavalink-Client
2021-12-17 18:20:34.754  WARN 2856 --- [pool-2-thread-1] oshi.util.FileUtil                       : Configuration conflict: there is more than one oshi.properties file on the classpath
2021-12-17 18:20:40.753  INFO 2856 --- [XNIO-1 task-2] l.server.player.AudioLoaderRestHandler   : Got request to load for identifier "https://open.spotify.com/track/3yk51U329nwdpeIHV0O5ez"
2021-12-17 18:20:40.962  INFO 2856 --- [lava-daemon-pool-info-loader-2-thread-1] lavalink.server.player.AudioLoader       : Loaded track Yellowjacket (feat. Sam Carter)
2021-12-17 18:26:24.043  INFO 2856 --- [XNIO-1 I/O-7] lavalink.server.io.SocketServer          : Connection closed from /127.0.0.1:53515 -- CloseStatus[code=1006, reason=]
2021-12-17 18:26:24.043  INFO 2856 --- [XNIO-1 I/O-7] lavalink.server.io.SocketContext         : Shutting down 0 playing players.
2021-12-17 18:26:29.219  INFO 2856 --- [XNIO-1 task-4] l.server.io.HandshakeInterceptorImpl     : Incoming connection from /127.0.0.1:58036
2021-12-17 18:26:29.224  INFO 2856 --- [XNIO-1 task-4] lavalink.server.io.SocketServer          : Connection successfully established from Lavalink-Client
2021-12-17 18:26:36.934  INFO 2856 --- [XNIO-1 I/O-4] lavalink.server.io.SocketServer          : {"op":"voiceUpdate","sessionId":"19771592844d63e3322dbc90bd3bc933","event":{"guild_id":"730879265956167740","endpoint":"rotterdam7733.discord.media:443","token":"38eb08122febfbd5"},"guildId":"730879265956167740"}
2021-12-17 18:47:48.183  INFO 7872 --- [main] o.s.boot.SpringApplication               : Starting application on PC-Tobi with PID 7872 (started by tobi in D:\repos\spotify-plugin)
2021-12-17 18:47:48.187  INFO 7872 --- [main] o.s.boot.SpringApplication               : No active profile set, falling back to default profiles: default
2021-12-17 18:47:48.219  WARN 7872 --- [background-preinit] o.s.h.c.j.Jackson2ObjectMapperBuilder    : For Jackson Kotlin classes support please add "com.fasterxml.jackson.module:jackson-module-kotlin" to the classpath
2021-12-17 18:47:49.287  INFO 7872 --- [main] lavalink.server.bootstrap.PluginManager  : Found plugin 'spotify-plugin' version 1.0
2021-12-17 18:47:49.708  INFO 7872 --- [main] o.s.boot.SpringApplication               : Started application in 2.38 seconds (JVM running for 3.179)
2021-12-17 18:47:49.710  INFO 7872 --- [main] lavalink.server.Launcher                 : You can safely ignore the big red warning about illegal reflection. See https://github.com/freyacodes/Lavalink/issues/295
2021-12-17 18:47:49.794  INFO 7872 --- [main] lavalink.server.Launcher                 : 

[32m       .  [31m _                  _ _       _    [32m__ _ _
[32m      /\\ [31m| | __ ___   ____ _| (_)_ __ | | __[32m\ \ \ \
[32m     ( ( )[31m| |/ _` \ \ / / _` | | | '_ \| |/ /[32m \ \ \ \
[32m      \\/ [31m| | (_| |\ V / (_| | | | | | |   < [32m  ) ) ) )
[32m       '  [31m|_|\__,_| \_/ \__,_|_|_|_| |_|_|\_\[32m / / / /
[0m    =========================================[32m/_/_/_/[0m

	Version:        f748ef0ad46bf4429ee8ef7aa3e5ca96a7427788-SNAPSHOT
	Build:          Unofficial
	Build time:     17.12.2021 16:17:24 UTC
	Branch          HEAD
	Commit:         f748ef0
	Commit time:    17.12.2021 16:13:26 UTC
	JVM:            15.0.1
	Lavaplayer      1.3.96-original

2021-12-17 18:47:49.805  INFO 7872 --- [main] o.s.boot.SpringApplication               : No active profile set, falling back to default profiles: default
2021-12-17 18:47:50.734  WARN 7872 --- [main] io.undertow.websockets.jsr               : UT026010: Buffer pool was not set on WebSocketDeploymentInfo, the default pool will be used
2021-12-17 18:47:50.768  INFO 7872 --- [main] io.undertow.servlet                      : Initializing Spring embedded WebApplicationContext
2021-12-17 18:47:50.768  INFO 7872 --- [main] o.s.web.context.ContextLoader            : Root WebApplicationContext: initialization completed in 956 ms
2021-12-17 18:47:51.679  INFO 7872 --- [main] c.s.d.l.tools.GarbageCollectionMonitor   : GC monitoring enabled, reporting results every 2 minutes.
2021-12-17 18:47:51.721  WARN 7872 --- [main] l.server.config.SentryConfiguration      : Turning off sentry
2021-12-17 18:47:51.902  INFO 7872 --- [main] lavalink.server.config.KoeConfiguration  : OS: Windows 10, Arch: amd64
2021-12-17 18:47:51.902  WARN 7872 --- [main] lavalink.server.config.KoeConfiguration  : This system and architecture appears to not support native audio sending! GC pauses may cause your bot to stutter during playback.
2021-12-17 18:47:52.049  INFO 7872 --- [main] o.s.s.concurrent.ThreadPoolTaskExecutor  : Initializing ExecutorService 'applicationTaskExecutor'
2021-12-17 18:47:52.259  INFO 7872 --- [main] org.xnio                                 : XNIO version 3.3.8.Final
2021-12-17 18:47:52.271  INFO 7872 --- [main] org.xnio.nio                             : XNIO NIO Implementation Version 3.3.8.Final
2021-12-17 18:47:52.379  INFO 7872 --- [main] o.s.b.w.e.u.UndertowServletWebServer     : Undertow started on port(s) 2333 (http) with context path ''
2021-12-17 18:47:52.381  INFO 7872 --- [main] o.s.boot.SpringApplication               : Started application in 2.664 seconds (JVM running for 5.852)
2021-12-17 18:47:54.412  INFO 7872 --- [XNIO-1 task-1] io.undertow.servlet                      : Initializing Spring DispatcherServlet 'dispatcherServlet'
2021-12-17 18:47:54.412  INFO 7872 --- [XNIO-1 task-1] o.s.web.servlet.DispatcherServlet        : Initializing Servlet 'dispatcherServlet'
2021-12-17 18:47:54.418  INFO 7872 --- [XNIO-1 task-1] o.s.web.servlet.DispatcherServlet        : Completed initialization in 6 ms
2021-12-17 18:47:54.435  INFO 7872 --- [XNIO-1 task-1] l.server.io.HandshakeInterceptorImpl     : Incoming connection from /127.0.0.1:55487
2021-12-17 18:47:54.498  INFO 7872 --- [XNIO-1 task-1] lavalink.server.io.SocketServer          : Connection successfully established from Lavalink-Client
2021-12-17 18:47:54.506  WARN 7872 --- [pool-2-thread-1] oshi.util.FileUtil                       : Configuration conflict: there is more than one oshi.properties file on the classpath
2021-12-17 18:48:20.241  INFO 7872 --- [XNIO-1 task-2] l.server.player.AudioLoaderRestHandler   : Got request to load for identifier "https://open.spotify.com/track/3yk51U329nwdpeIHV0O5ez"
2021-12-17 18:48:20.426  INFO 7872 --- [lava-daemon-pool-info-loader-2-thread-1] lavalink.server.player.AudioLoader       : Loaded track Yellowjacket (feat. Sam Carter)
2021-12-17 19:08:36.703  INFO 22368 --- [main] o.s.boot.SpringApplication               : Starting application on PC-Tobi with PID 22368 (started by tobi in D:\repos\spotify-plugin)
2021-12-17 19:08:36.709  INFO 22368 --- [main] o.s.boot.SpringApplication               : No active profile set, falling back to default profiles: default
2021-12-17 19:08:36.759  WARN 22368 --- [background-preinit] o.s.h.c.j.Jackson2ObjectMapperBuilder    : For Jackson Kotlin classes support please add "com.fasterxml.jackson.module:jackson-module-kotlin" to the classpath
2021-12-17 19:08:38.151  INFO 22368 --- [main] lavalink.server.bootstrap.PluginManager  : Found plugin 'spotify-plugin' version 1.0
2021-12-17 19:08:38.762  INFO 22368 --- [main] o.s.boot.SpringApplication               : Started application in 2.857 seconds (JVM running for 3.784)
2021-12-17 19:08:38.764  INFO 22368 --- [main] lavalink.server.Launcher                 : You can safely ignore the big red warning about illegal reflection. See https://github.com/freyacodes/Lavalink/issues/295
2021-12-17 19:08:39.011  INFO 22368 --- [main] lavalink.server.Launcher                 : 

[32m       .  [31m _                  _ _       _    [32m__ _ _
[32m      /\\ [31m| | __ ___   ____ _| (_)_ __ | | __[32m\ \ \ \
[32m     ( ( )[31m| |/ _` \ \ / / _` | | | '_ \| |/ /[32m \ \ \ \
[32m      \\/ [31m| | (_| |\ V / (_| | | | | | |   < [32m  ) ) ) )
[32m       '  [31m|_|\__,_| \_/ \__,_|_|_|_| |_|_|\_\[32m / / / /
[0m    =========================================[32m/_/_/_/[0m

	Version:        f748ef0ad46bf4429ee8ef7aa3e5ca96a7427788-SNAPSHOT
	Build:          Unofficial
	Build time:     17.12.2021 16:17:24 UTC
	Branch          HEAD
	Commit:         f748ef0
	Commit time:    17.12.2021 16:13:26 UTC
	JVM:            15.0.1
	Lavaplayer      1.3.96-original

2021-12-17 19:08:39.038  INFO 22368 --- [main] o.s.boot.SpringApplication               : No active profile set, falling back to default profiles: default
2021-12-17 19:08:40.795  WARN 22368 --- [main] io.undertow.websockets.jsr               : UT026010: Buffer pool was not set on WebSocketDeploymentInfo, the default pool will be used
2021-12-17 19:08:40.861  INFO 22368 --- [main] io.undertow.servlet                      : Initializing Spring embedded WebApplicationContext
2021-12-17 19:08:40.861  INFO 22368 --- [main] o.s.web.context.ContextLoader            : Root WebApplicationContext: initialization completed in 1808 ms
2021-12-17 19:08:42.420  INFO 22368 --- [main] c.s.d.l.tools.GarbageCollectionMonitor   : GC monitoring enabled, reporting results every 2 minutes.
2021-12-17 19:08:42.466  WARN 22368 --- [main] l.server.config.SentryConfiguration      : Turning off sentry
2021-12-17 19:08:42.743  INFO 22368 --- [main] lavalink.server.config.KoeConfiguration  : OS: Windows 10, Arch: amd64
2021-12-17 19:08:42.745  WARN 22368 --- [main] lavalink.server.config.KoeConfiguration  : This system and architecture appears to not support native audio sending! GC pauses may cause your bot to stutter during playback.
2021-12-17 19:08:42.977  INFO 22368 --- [main] o.s.s.concurrent.ThreadPoolTaskExecutor  : Initializing ExecutorService 'applicationTaskExecutor'
2021-12-17 19:08:43.563  INFO 22368 --- [main] org.xnio                                 : XNIO version 3.3.8.Final
2021-12-17 19:08:43.587  INFO 22368 --- [main] org.xnio.nio                             : XNIO NIO Implementation Version 3.3.8.Final
2021-12-17 19:08:43.712  INFO 22368 --- [main] o.s.b.w.e.u.UndertowServletWebServer     : Undertow started on port(s) 2333 (http) with context path ''
2021-12-17 19:08:43.714  INFO 22368 --- [main] o.s.boot.SpringApplication               : Started application in 4.944 seconds (JVM running for 8.737)
2021-12-17 19:09:26.214  INFO 22368 --- [XNIO-1 task-1] io.undertow.servlet                      : Initializing Spring DispatcherServlet 'dispatcherServlet'
2021-12-17 19:09:26.214  INFO 22368 --- [XNIO-1 task-1] o.s.web.servlet.DispatcherServlet        : Initializing Servlet 'dispatcherServlet'
2021-12-17 19:09:26.220  INFO 22368 --- [XNIO-1 task-1] o.s.web.servlet.DispatcherServlet        : Completed initialization in 6 ms
2021-12-17 19:09:26.249  INFO 22368 --- [XNIO-1 task-1] l.server.io.HandshakeInterceptorImpl     : Incoming connection from /[0:0:0:0:0:0:0:1]:64268
2021-12-17 19:09:26.343  INFO 22368 --- [XNIO-1 task-1] lavalink.server.io.SocketServer          : Connection successfully established from disgolink
2021-12-17 19:09:26.355  WARN 22368 --- [pool-2-thread-1] oshi.util.FileUtil                       : Configuration conflict: there is more than one oshi.properties file on the classpath
2021-12-17 19:09:31.137  INFO 22368 --- [XNIO-1 I/O-10] lavalink.server.io.SocketServer          : Connection closed from /[0:0:0:0:0:0:0:1]:64268 -- CloseStatus[code=1006, reason=]
2021-12-17 19:09:31.138  INFO 22368 --- [XNIO-1 I/O-10] lavalink.server.io.SocketContext         : Shutting down 0 playing players.
2021-12-17 19:09:36.126  INFO 22368 --- [XNIO-1 task-2] l.server.io.HandshakeInterceptorImpl     : Incoming connection from /[0:0:0:0:0:0:0:1]:64271
2021-12-17 19:09:36.132  INFO 22368 --- [XNIO-1 task-2] lavalink.server.io.SocketServer          : Connection successfully established from disgolink
2021-12-17 19:09:49.267  INFO 22368 --- [XNIO-1 task-3] l.server.player.AudioLoaderRestHandler   : Got request to load for identifier "https://open.spotify.com/track/3yk51U329nwdpeIHV0O5ez"
2021-12-17 19:09:49.459  INFO 22368 --- [lava-daemon-pool-info-loader-2-thread-1] lavalink.server.player.AudioLoader       : Loaded track Yellowjacket (feat. Sam Carter)
2021-12-17 19:09:49.509  INFO 22368 --- [XNIO-1 I/O-7] lavalink.server.io.SocketServer          : {"op":"play","guildId":"730879265956167740","track":"QAAAogIAH1llbGxvd2phY2tldCAoZmVhdC4gU2FtIENhcnRlcikACVNwaXJpdGJveAAAAAAAAwWzADJ5dHNlYXJjaDpZZWxsb3dqYWNrZXQgKGZlYXQuIFNhbSBDYXJ0ZXIpIFNwaXJpdGJveAABACRzcG90aWZ5OnRyYWNrOjN5azUxVTMyOW53ZHBlSUhWME81ZXoAB3Nwb3RpZnkAAAAAAAAAAA=="}

2021-12-17 19:09:49.745  INFO 22368 --- [XNIO-1 I/O-7] lavalink.server.io.SocketServer          : Connection closed from /[0:0:0:0:0:0:0:1]:64271 -- CloseStatus[code=1006, reason=]
2021-12-17 19:09:49.746  INFO 22368 --- [XNIO-1 I/O-7] lavalink.server.io.SocketContext         : Shutting down 1 playing players.
2021-12-17 19:13:04.402  INFO 22368 --- [XNIO-1 task-5] l.server.io.HandshakeInterceptorImpl     : Incoming connection from /[0:0:0:0:0:0:0:1]:56530
2021-12-17 19:13:04.406  INFO 22368 --- [XNIO-1 task-5] lavalink.server.io.SocketServer          : Connection successfully established from disgolink
2021-12-17 19:13:14.490  INFO 22368 --- [XNIO-1 task-6] l.server.player.AudioLoaderRestHandler   : Got request to load for identifier "https://open.spotify.com/track/3yk51U329nwdpeIHV0O5ez"
2021-12-17 19:13:14.500  INFO 22368 --- [lava-daemon-pool-info-loader-2-thread-1] lavalink.server.player.AudioLoader       : Loaded track Yellowjacket (feat. Sam Carter)
2021-12-17 19:13:14.506  INFO 22368 --- [XNIO-1 I/O-8] lavalink.server.io.SocketServer          : {"op":"play","guildId":"730879265956167740","track":"QAAAogIAH1llbGxvd2phY2tldCAoZmVhdC4gU2FtIENhcnRlcikACVNwaXJpdGJveAAAAAAAAwWzADJ5dHNlYXJjaDpZZWxsb3dqYWNrZXQgKGZlYXQuIFNhbSBDYXJ0ZXIpIFNwaXJpdGJveAABACRzcG90aWZ5OnRyYWNrOjN5azUxVTMyOW53ZHBlSUhWME81ZXoAB3Nwb3RpZnkAAAAAAAAAAA=="}

2021-12-17 19:13:14.747  INFO 22368 --- [XNIO-1 I/O-8] lavalink.server.io.SocketServer          : Connection closed from /[0:0:0:0:0:0:0:1]:56530 -- CloseStatus[code=1006, reason=]
2021-12-17 19:13:14.747  INFO 22368 --- [XNIO-1 I/O-8] lavalink.server.io.SocketContext         : Shutting down 1 playing players.
2021-12-17 19:13:59.387  INFO 22368 --- [XNIO-1 task-8] l.server.io.HandshakeInterceptorImpl     : Incoming connection from /[0:0:0:0:0:0:0:1]:56547
2021-12-17 19:13:59.393  INFO 22368 --- [XNIO-1 task-8] lavalink.server.io.SocketServer          : Connection successfully established from disgolink
2021-12-17 19:14:19.548  INFO 22368 --- [XNIO-1 task-9] l.server.player.AudioLoaderRestHandler   : Got request to load for identifier "https://open.spotify.com/track/3yk51U329nwdpeIHV0O5ez"
2021-12-17 19:14:19.552  INFO 22368 --- [lava-daemon-pool-info-loader-2-thread-1] lavalink.server.player.AudioLoader       : Loaded track Yellowjacket (feat. Sam Carter)
2021-12-17 19:14:19.558  INFO 22368 --- [XNIO-1 I/O-3] lavalink.server.io.SocketServer          : {"op":"play","guildId":"730879265956167740","track":"QAAAogIAH1llbGxvd2phY2tldCAoZmVhdC4gU2FtIENhcnRlcikACVNwaXJpdGJveAAAAAAAAwWzADJ5dHNlYXJjaDpZZWxsb3dqYWNrZXQgKGZlYXQuIFNhbSBDYXJ0ZXIpIFNwaXJpdGJveAABACRzcG90aWZ5OnRyYWNrOjN5azUxVTMyOW53ZHBlSUhWME81ZXoAB3Nwb3RpZnkAAAAAAAAAAA=="}

2021-12-17 19:14:20.156 ERROR 22368 --- [lava-daemon-pool-playback-1-thread-1] c.s.d.l.t.p.LocalAudioTrackExecutor      : Error in playback of ytsearch:Yellowjacket (feat. Sam Carter) Spiritbox

com.sedmelluq.discord.lavaplayer.tools.FriendlyException: Something broke when playing the track.
	at com.sedmelluq.discord.lavaplayer.tools.ExceptionTools.wrapUnfriendlyExceptions(ExceptionTools.java:44) ~[lavaplayer-fork-1.3.96.jar:na]
	at com.sedmelluq.discord.lavaplayer.track.playback.LocalAudioTrackExecutor.execute(LocalAudioTrackExecutor.java:116) ~[lavaplayer-fork-1.3.96.jar:na]
	at com.sedmelluq.discord.lavaplayer.player.DefaultAudioPlayerManager.lambda$executeTrack$1(DefaultAudioPlayerManager.java:348) ~[lavaplayer-fork-1.3.96.jar:na]
	at java.base/java.util.concurrent.ThreadPoolExecutor.runWorker(ThreadPoolExecutor.java:1130) ~[na:na]
	at java.base/java.util.concurrent.ThreadPoolExecutor$Worker.run(ThreadPoolExecutor.java:630) ~[na:na]
	at java.base/java.lang.Thread.run(Thread.java:832) ~[na:na]
	Suppressed: com.sedmelluq.discord.lavaplayer.tools.exception.EnvironmentInformation: 
  lavaplayer.version: 1.3.96-original
  os.arch: amd64
  os.name: Windows 10
  os.version: 10.0
  java.vendor: Oracle Corporation
  java.version: 15.0.1
  java.runtime.version: 15.0.1+9-18
  java.vm.version: 15.0.1+9-18
Caused by: java.lang.ClassCastException: class com.sedmelluq.discord.lavaplayer.track.BasicAudioPlaylist cannot be cast to class com.sedmelluq.discord.lavaplayer.track.InternalAudioTrack (com.sedmelluq.discord.lavaplayer.track.BasicAudioPlaylist and com.sedmelluq.discord.lavaplayer.track.InternalAudioTrack are in unnamed module of loader 'app')
	at wtf.topi.plugin.spotify.SpotifyTrack.process(SpotifyTrack.java:42) ~[main/:na]
	at com.sedmelluq.discord.lavaplayer.track.playback.LocalAudioTrackExecutor.execute(LocalAudioTrackExecutor.java:104) ~[lavaplayer-fork-1.3.96.jar:na]
	... 4 common frames omitted

2021-12-17 19:15:55.535  INFO 22164 --- [main] o.s.boot.SpringApplication               : Starting application on PC-Tobi with PID 22164 (started by tobi in D:\repos\spotify-plugin)
2021-12-17 19:15:55.542  INFO 22164 --- [main] o.s.boot.SpringApplication               : No active profile set, falling back to default profiles: default
2021-12-17 19:15:55.564  WARN 22164 --- [background-preinit] o.s.h.c.j.Jackson2ObjectMapperBuilder    : For Jackson Kotlin classes support please add "com.fasterxml.jackson.module:jackson-module-kotlin" to the classpath
2021-12-17 19:15:56.952  INFO 22164 --- [main] lavalink.server.bootstrap.PluginManager  : Found plugin 'spotify-plugin' version 1.0
2021-12-17 19:15:57.432  INFO 22164 --- [main] o.s.boot.SpringApplication               : Started application in 2.795 seconds (JVM running for 3.579)
2021-12-17 19:15:57.434  INFO 22164 --- [main] lavalink.server.Launcher                 : You can safely ignore the big red warning about illegal reflection. See https://github.com/freyacodes/Lavalink/issues/295
2021-12-17 19:15:57.521  INFO 22164 --- [main] lavalink.server.Launcher                 : 

[32m       .  [31m _                  _ _       _    [32m__ _ _
[32m      /\\ [31m| | __ ___   ____ _| (_)_ __ | | __[32m\ \ \ \
[32m     ( ( )[31m| |/ _` \ \ / / _` | | | '_ \| |/ /[32m \ \ \ \
[32m      \\/ [31m| | (_| |\ V / (_| | | | | | |   < [32m  ) ) ) )
[32m       '  [31m|_|\__,_| \_/ \__,_|_|_|_| |_|_|\_\[32m / / / /
[0m    =========================================[32m/_/_/_/[0m

	Version:        f748ef0ad46bf4429ee8ef7aa3e5ca96a7427788-SNAPSHOT
	Build:          Unofficial
	Build time:     17.12.2021 16:17:24 UTC
	Branch          HEAD
	Commit:         f748ef0
	Commit time:    17.12.2021 16:13:26 UTC
	JVM:            15.0.1
	Lavaplayer      1.3.96-original

2021-12-17 19:15:57.538  INFO 22164 --- [main] o.s.boot.SpringApplication               : No active profile set, falling back to default profiles: default
2021-12-17 19:15:58.716  WARN 22164 --- [main] io.undertow.websockets.jsr               : UT026010: Buffer pool was not set on WebSocketDeploymentInfo, the default pool will be used
2021-12-17 19:15:58.755  INFO 22164 --- [main] io.undertow.servlet                      : Initializing Spring embedded WebApplicationContext
2021-12-17 19:15:58.755  INFO 22164 --- [main] o.s.web.context.ContextLoader            : Root WebApplicationContext: initialization completed in 1202 ms
2021-12-17 19:15:59.898  INFO 22164 --- [main] c.s.d.l.tools.GarbageCollectionMonitor   : GC monitoring enabled, reporting results every 2 minutes.
2021-12-17 19:16:00.043  WARN 22164 --- [main] l.server.config.SentryConfiguration      : Turning off sentry
2021-12-17 19:16:00.354  INFO 22164 --- [main] lavalink.server.config.KoeConfiguration  : OS: Windows 10, Arch: amd64
2021-12-17 19:16:00.354  WARN 22164 --- [main] lavalink.server.config.KoeConfiguration  : This system and architecture appears to not support native audio sending! GC pauses may cause your bot to stutter during playback.
2021-12-17 19:16:00.680  INFO 22164 --- [main] o.s.s.concurrent.ThreadPoolTaskExecutor  : Initializing ExecutorService 'applicationTaskExecutor'
2021-12-17 19:16:01.063  INFO 22164 --- [main] org.xnio                                 : XNIO version 3.3.8.Final
2021-12-17 19:16:01.081  INFO 22164 --- [main] org.xnio.nio                             : XNIO NIO Implementation Version 3.3.8.Final
2021-12-17 19:16:01.166  INFO 22164 --- [main] o.s.b.w.e.u.UndertowServletWebServer     : Undertow started on port(s) 2333 (http) with context path ''
2021-12-17 19:16:01.168  INFO 22164 --- [main] o.s.boot.SpringApplication               : Started application in 3.727 seconds (JVM running for 7.316)
2021-12-17 19:16:08.337  INFO 22164 --- [XNIO-1 task-1] io.undertow.servlet                      : Initializing Spring DispatcherServlet 'dispatcherServlet'
2021-12-17 19:16:08.337  INFO 22164 --- [XNIO-1 task-1] o.s.web.servlet.DispatcherServlet        : Initializing Servlet 'dispatcherServlet'
2021-12-17 19:16:08.346  INFO 22164 --- [XNIO-1 task-1] o.s.web.servlet.DispatcherServlet        : Completed initialization in 9 ms
2021-12-17 19:16:08.369  INFO 22164 --- [XNIO-1 task-1] l.server.io.HandshakeInterceptorImpl     : Incoming connection from /[0:0:0:0:0:0:0:1]:59753
2021-12-17 19:16:08.451  INFO 22164 --- [XNIO-1 task-1] lavalink.server.io.SocketServer          : Connection successfully established from disgolink
2021-12-17 19:16:08.464  WARN 22164 --- [pool-2-thread-1] oshi.util.FileUtil                       : Configuration conflict: there is more than one oshi.properties file on the classpath
2021-12-17 19:16:17.175  INFO 22164 --- [XNIO-1 task-2] l.server.player.AudioLoaderRestHandler   : Got request to load for identifier "https://open.spotify.com/track/3yk51U329nwdpeIHV0O5ez"
2021-12-17 19:16:17.376  INFO 22164 --- [lava-daemon-pool-info-loader-2-thread-1] lavalink.server.player.AudioLoader       : Loaded track Yellowjacket (feat. Sam Carter)
2021-12-17 19:16:17.433  INFO 22164 --- [XNIO-1 I/O-1] lavalink.server.io.SocketServer          : {"op":"play","guildId":"730879265956167740","track":"QAAAogIAH1llbGxvd2phY2tldCAoZmVhdC4gU2FtIENhcnRlcikACVNwaXJpdGJveAAAAAAAAwWzADJ5dHNlYXJjaDpZZWxsb3dqYWNrZXQgKGZlYXQuIFNhbSBDYXJ0ZXIpIFNwaXJpdGJveAABACRzcG90aWZ5OnRyYWNrOjN5azUxVTMyOW53ZHBlSUhWME81ZXoAB3Nwb3RpZnkAAAAAAAAAAA=="}

2021-12-17 19:23:21.420  INFO 22164 --- [XNIO-1 I/O-1] lavalink.server.io.SocketServer          : Connection closed from /[0:0:0:0:0:0:0:1]:59753 -- CloseStatus[code=1006, reason=]
2021-12-17 19:23:21.421  INFO 22164 --- [XNIO-1 I/O-1] lavalink.server.io.SocketContext         : Shutting down 0 playing players.
2021-12-17 19:23:26.327  INFO 22164 --- [XNIO-1 task-4] l.server.io.HandshakeInterceptorImpl     : Incoming connection from /[0:0:0:0:0:0:0:1]:65333
2021-12-17 19:23:26.331  INFO 22164 --- [XNIO-1 task-4] lavalink.server.io.SocketServer          : Connection successfully established from disgolink
2021-12-17 19:23:40.821  INFO 22164 --- [XNIO-1 task-5] l.server.player.AudioLoaderRestHandler   : Got request to load for identifier "https://open.spotify.com/track/3yk51U329nwdpeIHV0O5ez"
2021-12-17 19:23:40.832  INFO 22164 --- [lava-daemon-pool-info-loader-2-thread-1] lavalink.server.player.AudioLoader       : Loaded track Yellowjacket (feat. Sam Carter)
2021-12-17 19:23:40.841  INFO 22164 --- [XNIO-1 I/O-1] lavalink.server.io.SocketServer          : {"op":"play","guildId":"730879265956167740","track":"QAAAogIAH1llbGxvd2phY2tldCAoZmVhdC4gU2FtIENhcnRlcikACVNwaXJpdGJveAAAAAAAAwWzADJ5dHNlYXJjaDpZZWxsb3dqYWNrZXQgKGZlYXQuIFNhbSBDYXJ0ZXIpIFNwaXJpdGJveAABACRzcG90aWZ5OnRyYWNrOjN5azUxVTMyOW53ZHBlSUhWME81ZXoAB3Nwb3RpZnkAAAAAAAAAAA=="}

2021-12-17 19:23:41.064  INFO 22164 --- [XNIO-1 I/O-1] lavalink.server.io.SocketServer          : {"op":"voiceUpdate","sessionId":"205da983bca4744089161dfac4a14c75","event":{"token":"9cb4cdd048fd2225","guildId":"730879265956167740","endpoint":"rotterdam7733.discord.media:443"},"guildId":"730879265956167740"}

2021-12-17 19:24:58.902  INFO 22164 --- [XNIO-1 I/O-1] lavalink.server.io.SocketServer          : Connection closed from /[0:0:0:0:0:0:0:1]:65333 -- CloseStatus[code=1006, reason=]
2021-12-17 19:24:58.903  INFO 22164 --- [XNIO-1 I/O-1] lavalink.server.io.SocketContext         : Shutting down 1 playing players.
2021-12-17 19:25:03.222  INFO 22164 --- [XNIO-1 task-7] l.server.io.HandshakeInterceptorImpl     : Incoming connection from /[0:0:0:0:0:0:0:1]:63144
2021-12-17 19:25:03.228  INFO 22164 --- [XNIO-1 task-7] lavalink.server.io.SocketServer          : Connection successfully established from disgolink
2021-12-17 19:25:15.416  INFO 22164 --- [XNIO-1 task-8] l.server.player.AudioLoaderRestHandler   : Got request to load for identifier "https://open.spotify.com/album/6cZ39G1mahxDAGfoPzDllb"
2021-12-17 19:25:15.619  INFO 22164 --- [lava-daemon-pool-info-loader-2-thread-1] lavalink.server.player.AudioLoader       : Loaded playlist Eternal Blue
2021-12-17 19:25:15.634  INFO 22164 --- [XNIO-1 I/O-6] lavalink.server.io.SocketServer          : {"op":"play","guildId":"730879265956167740","track":"QAAAdgIACUNvbnN0YW5jZQAJU3Bpcml0Ym94AAAAAAAEIFAAHHl0c2VhcmNoOkNvbnN0YW5jZSBTcGlyaXRib3gAAQAkc3BvdGlmeTp0cmFjazowaGREUGFVYmhpMU9remh5aWNQU0JiAAdzcG90aWZ5AAAAAAAAAAA="}

2021-12-17 19:25:15.861  INFO 22164 --- [XNIO-1 I/O-6] lavalink.server.io.SocketServer          : {"op":"voiceUpdate","sessionId":"bec02c848d36208ab7f12408f71044ba","event":{"token":"3500856dd7c2bb72","guildId":"730879265956167740","endpoint":"rotterdam7733.discord.media:443"},"guildId":"730879265956167740"}

